<?xml version="1.0" encoding="UTF-8"?>
<testng-results ignored="0" total="2" passed="2" failed="0" skipped="0">
  <reporter-output>
  </reporter-output>
  <suite started-at="2018-07-09T21:27:16Z" name="Default suite" finished-at="2018-07-09T21:27:24Z" duration-ms="7642">
    <groups>
    </groups>
    <test started-at="2018-07-09T21:27:16Z" name="Default test" finished-at="2018-07-09T21:27:24Z" duration-ms="7642">
      <class name="pages.OrderPAge">
        <test-method is-config="true" signature="setUp()[pri:0, instance:pages.OrderPAge@5f93ec02]" started-at="2018-07-09T21:27:16Z" name="setUp" finished-at="2018-07-09T21:27:20Z" duration-ms="3682" status="PASS">
          <reporter-output>
          </reporter-output>
        </test-method> <!-- setUp -->
        <test-method signature="login()[pri:1, instance:pages.OrderPAge@5f93ec02]" started-at="2018-07-09T21:27:20Z" name="login" finished-at="2018-07-09T21:27:21Z" duration-ms="1498" status="PASS">
          <reporter-output>
          </reporter-output>
        </test-method> <!-- login -->
        <test-method signature="orderAProduct()[pri:2, instance:pages.OrderPAge@5f93ec02]" started-at="2018-07-09T21:27:21Z" name="orderAProduct" finished-at="2018-07-09T21:27:24Z" duration-ms="2229" status="PASS">
          <reporter-output>
          </reporter-output>
        </test-method> <!-- orderAProduct -->
        <test-method is-config="true" signature="tearDown()[pri:0, instance:pages.OrderPAge@5f93ec02]" started-at="2018-07-09T21:27:24Z" name="tearDown" finished-at="2018-07-09T21:27:24Z" duration-ms="152" status="PASS">
          <reporter-output>
          </reporter-output>
        </test-method> <!-- tearDown -->
      </class> <!-- pages.OrderPAge -->
    </test> <!-- Default test -->
  </suite> <!-- Default suite -->
</testng-results>
